Arguments: 
  C:\Program Files\nodejs\node.exe C:\Users\m.darvishnejad\AppData\Roaming\npm\node_modules\yarn\bin\yarn.js add react: ^17.0.2

PATH: 
  C:\Program Files\Python38\Scripts\;C:\Program Files\Python38\;C:\Program Files\Microsoft MPI\Bin\;C:\Program Files (x86)\Common Files\Oracle\Java\javapath;C:\Python38\Scripts\;C:\Python38\;C:\Windows\system32;C:\Windows;C:\Windows\System32\Wbem;C:\Windows\System32\WindowsPowerShell\v1.0\;C:\Windows\System32\OpenSSH\;C:\ProgramData\chocolatey\bin;C:\Program Files\dotnet\;C:\Program Files\Git\cmd;C:\Program Files\OpenJDK\openjdk-8u262-b10\bin;C:\Program Files\Microsoft SQL Server\Client SDK\ODBC\170\Tools\Binn\;D:\Tools\Redis-x64-3.0.504;C:\Program Files\PostgreSQL\12\bin;C:\Program Files\nodejs\;C:\Program Files\Go\bin;C:\Users\m.darvishnejad\AppData\Local\Programs\Python\Python310\Scripts\;C:\Users\m.darvishnejad\AppData\Local\Programs\Python\Python310\;C:\Users\m.darvishnejad\.cargo\bin;C:\Users\m.darvishnejad\AppData\Local\Microsoft\WindowsApps;C:\Users\m.darvishnejad\AppData\Local\Programs\Microsoft VS Code\bin;C:\Program Files\JetBrains\IntelliJ IDEA 2020.1.1\bin;C:\Users\m.darvishnejad\.dotnet\tools;C:\flutter\bin;D:\Tools\Sdk\emulator;D:\Tools\Sdk\tools;D:\Tools\Sdk\platform-tools;C:\MinGW\bin;C:\Users\m.darvishnejad\AppData\Local\hyper\app-3.0.2\resources\bin;C:\Program Files\JetBrains\PyCharm Edu 2020.2.2\bin;;C:\Program Files\JetBrains\WebStorm 2020.2.4\bin;;C:\Program Files\heroku\bin;;C:\Program Files\JetBrains\GoLand 2021.1.1\bin;;C:\Users\m.darvishnejad\AppData\Roaming\npm;C:\Users\m.darvishnejad\go\bin

Yarn version: 
  1.22.4

Node version: 
  14.17.0

Platform: 
  win32 x64

Trace: 
  Error: Invalid URL
      at module.exports.module.exports (C:\Users\m.darvishnejad\AppData\Roaming\npm\node_modules\yarn\lib\cli.js:71820:9)
      at urlParts (C:\Users\m.darvishnejad\AppData\Roaming\npm\node_modules\yarn\lib\cli.js:31614:75)
      at NpmRegistry.isRequestToRegistry (C:\Users\m.darvishnejad\AppData\Roaming\npm\node_modules\yarn\lib\cli.js:31657:19)
      at NpmRegistry.<anonymous> (C:\Users\m.darvishnejad\AppData\Roaming\npm\node_modules\yarn\lib\cli.js:31689:31)
      at Generator.next (<anonymous>)
      at step (C:\Users\m.darvishnejad\AppData\Roaming\npm\node_modules\yarn\lib\cli.js:310:30)
      at C:\Users\m.darvishnejad\AppData\Roaming\npm\node_modules\yarn\lib\cli.js:328:14
      at new Promise (<anonymous>)
      at new F (C:\Users\m.darvishnejad\AppData\Roaming\npm\node_modules\yarn\lib\cli.js:5301:28)
      at NpmRegistry.<anonymous> (C:\Users\m.darvishnejad\AppData\Roaming\npm\node_modules\yarn\lib\cli.js:307:12)

npm manifest: 
  {
    "name": "styled-element",
    "version": "1.0.0",
    "description": "",
    "main": "lib/index.js",
    "scripts": {
      "build": "tsc -p .",
      "test": "echo \"Error: no test specified\" && exit 1"
    },
    "repository": {
      "type": "git",
      "url": "git+https://github.com/majidux/styled-element.git"
    },
    "author": "majid darvish",
    "license": "ISC",
    "bugs": {
      "url": "https://github.com/majidux/styled-element/issues"
    },
    "homepage": "https://github.com/majidux/styled-element#readme",
    "peerDependencies": {
      "@types/react": "^17.0.36",
      "react": "^17.0.2"
    }
  }

yarn manifest: 
  No manifest

Lockfile: 
  No lockfile
